  glad.c
  glslprogram.cpp
  glutils.cpp
  objmesh.cpp
C:\Users\ASUS\Desktop\Project_Template-YINIAN.ZHANG\helper\objmesh.cpp(188,41): warning C4267: “+=”: 从“size_t”转换到“int”，可能丢失数据
C:\Users\ASUS\Desktop\Project_Template-YINIAN.ZHANG\helper\objmesh.cpp(194,48): warning C4267: “+=”: 从“size_t”转换到“int”，可能丢失数据
C:\Users\ASUS\Desktop\Project_Template-YINIAN.ZHANG\helper\objmesh.cpp(198,43): warning C4267: “+=”: 从“size_t”转换到“int”，可能丢失数据
  skybox.cpp
  trianglemesh.cpp
  main.cpp
  scenebasic_uniform.cpp
C:\Users\ASUS\Desktop\Project_Template-YINIAN.ZHANG\scenebasic_uniform.cpp(237,18): warning C4305: “+=”: 从“double”到“float”截断
C:\Users\ASUS\Desktop\Project_Template-YINIAN.ZHANG\scenebasic_uniform.cpp(243,28): warning C4305: “初始化”: 从“double”到“float”截断
  Previous IPDB not found, fall back to full compilation.
LINK : warning LNK4098: 默认库“MSVCRTD”与其他库的使用冲突；请使用 /NODEFAULTLIB:library
  正在生成代码
  All 1380 functions were compiled because no usable IPDB/IOBJ from previous compilation was found.
  已完成代码的生成
glfw3.lib(context.obj) : warning LNK4099: 未找到 PDB“glfw.pdb”(使用“glfw3.lib(context.obj)”或在“C:\Users\ASUS\Desktop\Project_Template-YINIAN.ZHANG\x64\Release\glfw.pdb”中寻找)；正在链接对象，如同没有调试信息一样
glfw3.lib(input.obj) : warning LNK4099: 未找到 PDB“glfw.pdb”(使用“glfw3.lib(input.obj)”或在“C:\Users\ASUS\Desktop\Project_Template-YINIAN.ZHANG\x64\Release\glfw.pdb”中寻找)；正在链接对象，如同没有调试信息一样
glfw3.lib(window.obj) : warning LNK4099: 未找到 PDB“glfw.pdb”(使用“glfw3.lib(window.obj)”或在“C:\Users\ASUS\Desktop\Project_Template-YINIAN.ZHANG\x64\Release\glfw.pdb”中寻找)；正在链接对象，如同没有调试信息一样
glfw3.lib(init.obj) : warning LNK4099: 未找到 PDB“glfw.pdb”(使用“glfw3.lib(init.obj)”或在“C:\Users\ASUS\Desktop\Project_Template-YINIAN.ZHANG\x64\Release\glfw.pdb”中寻找)；正在链接对象，如同没有调试信息一样
glfw3.lib(win32_thread.obj) : warning LNK4099: 未找到 PDB“glfw.pdb”(使用“glfw3.lib(win32_thread.obj)”或在“C:\Users\ASUS\Desktop\Project_Template-YINIAN.ZHANG\x64\Release\glfw.pdb”中寻找)；正在链接对象，如同没有调试信息一样
glfw3.lib(win32_window.obj) : warning LNK4099: 未找到 PDB“glfw.pdb”(使用“glfw3.lib(win32_window.obj)”或在“C:\Users\ASUS\Desktop\Project_Template-YINIAN.ZHANG\x64\Release\glfw.pdb”中寻找)；正在链接对象，如同没有调试信息一样
glfw3.lib(win32_joystick.obj) : warning LNK4099: 未找到 PDB“glfw.pdb”(使用“glfw3.lib(win32_joystick.obj)”或在“C:\Users\ASUS\Desktop\Project_Template-YINIAN.ZHANG\x64\Release\glfw.pdb”中寻找)；正在链接对象，如同没有调试信息一样
glfw3.lib(win32_time.obj) : warning LNK4099: 未找到 PDB“glfw.pdb”(使用“glfw3.lib(win32_time.obj)”或在“C:\Users\ASUS\Desktop\Project_Template-YINIAN.ZHANG\x64\Release\glfw.pdb”中寻找)；正在链接对象，如同没有调试信息一样
glfw3.lib(win32_init.obj) : warning LNK4099: 未找到 PDB“glfw.pdb”(使用“glfw3.lib(win32_init.obj)”或在“C:\Users\ASUS\Desktop\Project_Template-YINIAN.ZHANG\x64\Release\glfw.pdb”中寻找)；正在链接对象，如同没有调试信息一样
glfw3.lib(win32_monitor.obj) : warning LNK4099: 未找到 PDB“glfw.pdb”(使用“glfw3.lib(win32_monitor.obj)”或在“C:\Users\ASUS\Desktop\Project_Template-YINIAN.ZHANG\x64\Release\glfw.pdb”中寻找)；正在链接对象，如同没有调试信息一样
glfw3.lib(monitor.obj) : warning LNK4099: 未找到 PDB“glfw.pdb”(使用“glfw3.lib(monitor.obj)”或在“C:\Users\ASUS\Desktop\Project_Template-YINIAN.ZHANG\x64\Release\glfw.pdb”中寻找)；正在链接对象，如同没有调试信息一样
glfw3.lib(vulkan.obj) : warning LNK4099: 未找到 PDB“glfw.pdb”(使用“glfw3.lib(vulkan.obj)”或在“C:\Users\ASUS\Desktop\Project_Template-YINIAN.ZHANG\x64\Release\glfw.pdb”中寻找)；正在链接对象，如同没有调试信息一样
glfw3.lib(wgl_context.obj) : warning LNK4099: 未找到 PDB“glfw.pdb”(使用“glfw3.lib(wgl_context.obj)”或在“C:\Users\ASUS\Desktop\Project_Template-YINIAN.ZHANG\x64\Release\glfw.pdb”中寻找)；正在链接对象，如同没有调试信息一样
glfw3.lib(egl_context.obj) : warning LNK4099: 未找到 PDB“glfw.pdb”(使用“glfw3.lib(egl_context.obj)”或在“C:\Users\ASUS\Desktop\Project_Template-YINIAN.ZHANG\x64\Release\glfw.pdb”中寻找)；正在链接对象，如同没有调试信息一样
glfw3.lib(osmesa_context.obj) : warning LNK4099: 未找到 PDB“glfw.pdb”(使用“glfw3.lib(osmesa_context.obj)”或在“C:\Users\ASUS\Desktop\Project_Template-YINIAN.ZHANG\x64\Release\glfw.pdb”中寻找)；正在链接对象，如同没有调试信息一样
  Project_Template.vcxproj -> C:\Users\ASUS\Desktop\Project_Template-YINIAN.ZHANG\x64\Release\Project_Template.exe
